[2025-03-23 04:29:49] USB EVENT [2025-03-23 04:29:49]: KERNEL[1983.434694] add      /devices/pci0000:00/0000:00:11.0/0000:02:03.0/usb1/1-1 (usb)
[2025-03-23 04:29:49] USB EVENT [2025-03-23 04:29:49]: KERNEL[1983.447355] add      /devices/pci0000:00/0000:00:11.0/0000:02:03.0/usb1/1-1/1-1:1.0 (usb)
[2025-03-23 04:29:49] USB EVENT [2025-03-23 04:29:49]: KERNEL[1983.466174] add      /devices/pci0000:00/0000:00:11.0/0000:02:03.0/usb1/1-1/1-1:1.1 (usb)
[2025-03-23 04:29:49] USB EVENT [2025-03-23 04:29:49]: UDEV  [1983.563364] add      /devices/pci0000:00/0000:00:11.0/0000:02:03.0/usb1/1-1 (usb)
[2025-03-23 04:29:49] USB EVENT [2025-03-23 04:29:49]: UDEV  [1983.570231] add      /devices/pci0000:00/0000:00:11.0/0000:02:03.0/usb1/1-1/1-1:1.0 (usb)
[2025-03-23 04:29:49] USB EVENT [2025-03-23 04:29:49]: UDEV  [1983.599850] add      /devices/pci0000:00/0000:00:11.0/0000:02:03.0/usb1/1-1/1-1:1.1 (usb)
[2025-03-23 04:29:53] USB EVENT [2025-03-23 04:29:53]: KERNEL[1987.345896] remove   /devices/pci0000:00/0000:00:11.0/0000:02:03.0/usb1/1-1/1-1:1.0 (usb)
[2025-03-23 04:29:53] USB EVENT [2025-03-23 04:29:53]: KERNEL[1987.346305] remove   /devices/pci0000:00/0000:00:11.0/0000:02:03.0/usb1/1-1/1-1:1.1 (usb)
[2025-03-23 04:29:53] USB EVENT [2025-03-23 04:29:53]: KERNEL[1987.346879] remove   /devices/pci0000:00/0000:00:11.0/0000:02:03.0/usb1/1-1 (usb)
[2025-03-23 04:29:53] USB EVENT [2025-03-23 04:29:53]: UDEV  [1987.354661] remove   /devices/pci0000:00/0000:00:11.0/0000:02:03.0/usb1/1-1/1-1:1.1 (usb)
[2025-03-23 04:29:53] USB EVENT [2025-03-23 04:29:53]: UDEV  [1987.354718] remove   /devices/pci0000:00/0000:00:11.0/0000:02:03.0/usb1/1-1/1-1:1.0 (usb)
[2025-03-23 04:29:53] USB EVENT [2025-03-23 04:29:53]: UDEV  [1987.360076] remove   /devices/pci0000:00/0000:00:11.0/0000:02:03.0/usb1/1-1 (usb)
[2025-03-23 04:29:55] USB EVENT [2025-03-23 04:29:55]: KERNEL[1988.743246] add      /devices/pci0000:00/0000:00:11.0/0000:02:03.0/usb1/1-1 (usb)
[2025-03-23 04:29:55] USB EVENT [2025-03-23 04:29:55]: KERNEL[1988.846652] add      /devices/pci0000:00/0000:00:11.0/0000:02:03.0/usb1/1-1/1-1:1.0 (usb)
[2025-03-23 04:29:55] USB EVENT [2025-03-23 04:29:55]: UDEV  [1988.852732] add      /devices/pci0000:00/0000:00:11.0/0000:02:03.0/usb1/1-1 (usb)
[2025-03-23 04:29:55] USB EVENT [2025-03-23 04:29:55]: UDEV  [1988.947189] add      /devices/pci0000:00/0000:00:11.0/0000:02:03.0/usb1/1-1/1-1:1.0 (usb)
[2025-03-23 04:30:07] USB EVENT [2025-03-23 04:30:07]: KERNEL[2000.669655] remove   /devices/pci0000:00/0000:00:11.0/0000:02:03.0/usb1/1-1/1-1:1.0 (usb)
[2025-03-23 04:30:07] USB EVENT [2025-03-23 04:30:07]: KERNEL[2000.673984] remove   /devices/pci0000:00/0000:00:11.0/0000:02:03.0/usb1/1-1 (usb)
[2025-03-23 04:30:07] USB EVENT [2025-03-23 04:30:07]: UDEV  [2000.680175] remove   /devices/pci0000:00/0000:00:11.0/0000:02:03.0/usb1/1-1/1-1:1.0 (usb)
[2025-03-23 04:30:07] USB EVENT [2025-03-23 04:30:07]: UDEV  [2000.699030] remove   /devices/pci0000:00/0000:00:11.0/0000:02:03.0/usb1/1-1 (usb)
