Wed Apr 16 08:08:35 AM EDT 2025 [ALERT] Possible BadUSB detected! Unusual keystroke speed (21 keystrokes/sec)
Wed Apr 30 07:17:18 AM EDT 2025 [ALERT] New HID device found - Wed Apr 30 07:17:18 AM EDT 2025 [JOURNALCTL] 2025-04-30T07:17:17-04:00 kali kernel: usb 2-2.2: Product: HP USB Slim Keyboard
Wed Apr 30 07:17:28 AM EDT 2025 [INFO] Keyboard successfully authorized.
Wed Apr 30 07:17:28 AM EDT 2025 [ALERT] New HID device found - Wed Apr 30 07:17:18 AM EDT 2025 [JOURNALCTL] 2025-04-30T07:17:17-04:00 kali kernel: input: HP USB Slim Keyboard as /devices/pci0000:00/0000:00:11.0/0000:02:00.0/usb2/2-2/2-2.2/2-2.2:1.0/0003:03F0:344A.0006/input/input13
Wed Apr 30 07:17:35 AM EDT 2025 [INFO] Keyboard successfully authorized.
Wed Apr 30 07:17:35 AM EDT 2025 [ALERT] New HID device found - Wed Apr 30 07:17:18 AM EDT 2025 [JOURNALCTL] 2025-04-30T07:17:17-04:00 kali kernel: hid-generic 0003:03F0:344A.0006: input,hidraw3: USB HID v1.10 Keyboard [HP USB Slim Keyboard] on usb-0000:02:00.0-2.2/input0
Wed Apr 30 07:40:25 AM EDT 2025 [ALERT] New HID device found - Wed Apr 30 07:40:25 AM EDT 2025 [JOURNALCTL] 2025-04-30T07:40:24-04:00 kali kernel: usb 2-2.2: Product: HP USB Slim Keyboard
Wed Apr 30 07:40:33 AM EDT 2025 [INFO] Keyboard successfully authorized.
Wed Apr 30 07:40:33 AM EDT 2025 [ALERT] New HID device found - Wed Apr 30 07:40:25 AM EDT 2025 [JOURNALCTL] 2025-04-30T07:40:24-04:00 kali kernel: input: HP USB Slim Keyboard as /devices/pci0000:00/0000:00:11.0/0000:02:00.0/usb2/2-2/2-2.2/2-2.2:1.0/0003:03F0:344A.000E/input/input29
Wed Apr 30 07:40:42 AM EDT 2025 [INFO] Keyboard successfully authorized.
Wed Apr 30 07:40:42 AM EDT 2025 [ALERT] New HID device found - Wed Apr 30 07:40:25 AM EDT 2025 [JOURNALCTL] 2025-04-30T07:40:25-04:00 kali kernel: hid-generic 0003:03F0:344A.000E: input,hidraw3: USB HID v1.10 Keyboard [HP USB Slim Keyboard] on usb-0000:02:00.0-2.2/input0
Wed Apr 30 07:40:52 AM EDT 2025 [INFO] Keyboard successfully authorized.
Wed Apr 30 07:40:52 AM EDT 2025 [ALERT] New HID device found - Bus 002 Device 004: ID 0e0f:0006 VMware, Inc. Virtual Keyboard
Wed Apr 30 07:41:03 AM EDT 2025 [INFO] Keyboard successfully authorized.
Wed Apr 30 07:41:03 AM EDT 2025 [ALERT] New HID device found - Bus 002 Device 010: ID 03f0:344a HP, Inc HP USB Slim Keyboard
Wed Apr 30 07:41:06 AM EDT 2025 [INFO] Keyboard successfully authorized.
Wed Apr 30 07:41:06 AM EDT 2025 [ALERT] New HID device found - Bus 002 Device 004: ID 0e0f:0006 VMware, Inc. Virtual Keyboard
Wed Apr 30 07:41:07 AM EDT 2025 [INFO] Keyboard successfully authorized.
Wed Apr 30 07:41:07 AM EDT 2025 [ALERT] New HID device found - Bus 002 Device 010: ID 03f0:344a HP, Inc HP USB Slim Keyboard
Wed Apr 30 07:41:08 AM EDT 2025 [INFO] Keyboard successfully authorized.
Wed Apr 30 07:41:09 AM EDT 2025 [ALERT] New HID device found - Bus 002 Device 004: ID 0e0f:0006 VMware, Inc. Virtual Keyboard
Wed Apr 30 07:59:02 AM EDT 2025 [ALERT] New HID device found - Wed Apr 30 07:59:02 AM EDT 2025 [JOURNALCTL] 2025-04-30T07:59:02-04:00 kali kernel: usb 2-2.2: Product: HP USB Slim Keyboard
Wed Apr 30 07:59:17 AM EDT 2025 [ALERT] Unauthorized keyboard detected! Not authorized: 03f0:344a
Wed Apr 30 07:59:17 AM EDT 2025 [ALERT] New HID device found - Bus 002 Device 004: ID 0e0f:0006 VMware, Inc. Virtual Keyboard
Wed Apr 30 07:59:32 AM EDT 2025 [ALERT] Unauthorized keyboard detected! Not authorized: 03f0:344a
Wed Apr 30 07:59:33 AM EDT 2025 [ALERT] New HID device found - Bus 002 Device 012: ID 03f0:344a HP, Inc HP USB Slim Keyboard
Wed Apr 30 08:05:48 AM EDT 2025 [ALERT] New HID device found - Wed Apr 30 08:05:48 AM EDT 2025 [JOURNALCTL] 2025-04-30T08:05:48-04:00 kali kernel: usb 2-2.2: Product: HP USB Slim Keyboard
Wed Apr 30 08:06:03 AM EDT 2025 [ALERT] Unauthorized keyboard detected! Not authorized: 03f0:344a
Wed Apr 30 08:06:03 AM EDT 2025 [ALERT] New HID device found - Bus 002 Device 004: ID 0e0f:0006 VMware, Inc. Virtual Keyboard
Wed Apr 30 08:06:18 AM EDT 2025 [ALERT] Unauthorized keyboard detected! Not authorized: 03f0:344a
Wed Apr 30 08:06:18 AM EDT 2025 [ALERT] New HID device found - Bus 002 Device 013: ID 03f0:344a HP, Inc HP USB Slim Keyboard
Wed Apr 30 08:08:13 AM EDT 2025 [ALERT] New HID device found - Bus 002 Device 004: ID 0e0f:0006 VMware, Inc. Virtual Keyboard
Wed Apr 30 08:08:28 AM EDT 2025 [ALERT] Unauthorized keyboard detected! Not authorized: 03f0:344a
Wed Apr 30 08:08:28 AM EDT 2025 [ALERT] New HID device found - Bus 002 Device 014: ID 03f0:344a HP, Inc HP USB Slim Keyboard
Wed Apr 30 08:08:43 AM EDT 2025 [ALERT] Unauthorized keyboard detected! Not authorized: 03f0:344a
Wed Apr 30 08:08:43 AM EDT 2025 [ALERT] New HID device found - Bus 002 Device 004: ID 0e0f:0006 VMware, Inc. Virtual Keyboard
Wed Apr 30 08:15:13 AM EDT 2025 [ALERT] New HID device found - Wed Apr 30 08:15:13 AM EDT 2025 [JOURNALCTL] 2025-04-30T08:15:13-04:00 kali kernel: usb 2-2.2: Product: HP USB Slim Keyboard
Wed Apr 30 08:15:28 AM EDT 2025 [ALERT] Unauthorized keyboard detected! Not authorized: 03f0:344a
Wed Apr 30 08:15:29 AM EDT 2025 [ALERT] New HID device found - Wed Apr 30 08:15:13 AM EDT 2025 [JOURNALCTL] 2025-04-30T08:15:13-04:00 kali kernel: input: HP USB Slim Keyboard as /devices/pci0000:00/0000:00:11.0/0000:02:00.0/usb2/2-2/2-2.2/2-2.2:1.0/0003:03F0:344A.0018/input/input49
Wed Apr 30 08:15:44 AM EDT 2025 [ALERT] Unauthorized keyboard detected! Not authorized: 03f0:344a
Wed Apr 30 08:15:44 AM EDT 2025 [ALERT] New HID device found - Wed Apr 30 08:15:13 AM EDT 2025 [JOURNALCTL] 2025-04-30T08:15:13-04:00 kali kernel: hid-generic 0003:03F0:344A.0018: input,hidraw3: USB HID v1.10 Keyboard [HP USB Slim Keyboard] on usb-0000:02:00.0-2.2/input0
Wed Apr 30 08:17:25 AM EDT 2025 [ALERT] New HID device found - Wed Apr 30 08:17:24 AM EDT 2025 [JOURNALCTL] 2025-04-30T08:17:24-04:00 kali kernel: usb 2-2.2: Product: HP USB Slim Keyboard
Wed Apr 30 08:17:40 AM EDT 2025 [ALERT] Unauthorized keyboard detected! Not authorized: 03f0:344a
Wed Apr 30 08:17:40 AM EDT 2025 [ALERT] New HID device found - Wed Apr 30 08:17:24 AM EDT 2025 [JOURNALCTL] 2025-04-30T08:17:24-04:00 kali kernel: input: HP USB Slim Keyboard as /devices/pci0000:00/0000:00:11.0/0000:02:00.0/usb2/2-2/2-2.2/2-2.2:1.0/0003:03F0:344A.001A/input/input53
Thu May  1 12:58:38 AM EDT 2025 [ALERT] Possible BadUSB detected! Unusual keystroke speed (21 keystrokes/sec)
Thu May  1 01:02:16 AM EDT 2025 [ALERT] Possible BadUSB detected! Unusual keystroke speed (21 keystrokes/sec)
Thu May  1 05:55:38 AM EDT 2025 [ALERT] New HID device found - Thu May  1 05:55:37 AM EDT 2025 [JOURNALCTL] 2025-05-01T05:55:37-04:00 kali kernel: usb 2-2.3: Product: HP USB Slim Keyboard
Thu May  1 05:55:53 AM EDT 2025 [ALERT] Unauthorized keyboard detected! Not authorized: 03f0:344a
Thu May  1 05:55:53 AM EDT 2025 [ALERT] New HID device found - Bus 002 Device 004: ID 0e0f:0006 VMware, Inc. Virtual Keyboard
Thu May  1 05:56:08 AM EDT 2025 [ALERT] Unauthorized keyboard detected! Not authorized: 03f0:344a
Thu May  1 05:56:09 AM EDT 2025 [ALERT] New HID device found - Bus 002 Device 007: ID 03f0:344a HP, Inc HP USB Slim Keyboard
Thu May  1 06:19:15 AM EDT 2025 [ALERT] New HID device found - Thu May  1 06:19:15 AM EDT 2025 [JOURNALCTL] 2025-05-01T06:19:15-04:00 kali kernel: usb 2-2.3: Product: HP USB Slim Keyboard
Thu May  1 06:19:30 AM EDT 2025 [ALERT] Unauthorized keyboard detected! Not authorized: 03f0:344a
Thu May  1 06:19:30 AM EDT 2025 [ALERT] New HID device found - Thu May  1 06:19:15 AM EDT 2025 [JOURNALCTL] 2025-05-01T06:19:15-04:00 kali kernel: input: HP USB Slim Keyboard as /devices/pci0000:00/0000:00:11.0/0000:02:00.0/usb2/2-2/2-2.3/2-2.3:1.0/0003:03F0:344A.0008/input/input17
Thu May  1 06:19:45 AM EDT 2025 [ALERT] Unauthorized keyboard detected! Not authorized: 03f0:344a
Thu May  1 06:19:45 AM EDT 2025 [ALERT] New HID device found - Thu May  1 06:19:15 AM EDT 2025 [JOURNALCTL] 2025-05-01T06:19:15-04:00 kali kernel: hid-generic 0003:03F0:344A.0008: input,hidraw3: USB HID v1.10 Keyboard [HP USB Slim Keyboard] on usb-0000:02:00.0-2.3/input0
Thu May  1 06:29:06 AM EDT 2025 [ALERT] New HID device found - Thu May  1 06:29:06 AM EDT 2025 [JOURNALCTL] 2025-05-01T06:29:06-04:00 kali kernel: usb 2-2.3: Product: HP USB Slim Keyboard
Thu May  1 06:29:15 AM EDT 2025 [INFO] Keyboard successfully authorized: 03f0:344a
Thu May  1 06:29:15 AM EDT 2025 [INFO] Already authorized device detected again: 03f0:344a
Thu May  1 06:29:15 AM EDT 2025 [INFO] Already authorized device detected again: 03f0:344a
Thu May  1 06:29:15 AM EDT 2025 [INFO] Already authorized device detected again: 03f0:344a
Thu May  1 06:29:15 AM EDT 2025 [INFO] Already authorized device detected again: 03f0:344a
Thu May  1 06:29:16 AM EDT 2025 [INFO] Already authorized device detected again: 03f0:344a
Thu May  1 06:29:16 AM EDT 2025 [INFO] Already authorized device detected again: 03f0:344a
Thu May  1 06:29:16 AM EDT 2025 [INFO] Already authorized device detected again: 03f0:344a
Thu May  1 06:29:16 AM EDT 2025 [INFO] Already authorized device detected again: 03f0:344a
Thu May  1 06:29:16 AM EDT 2025 [INFO] Already authorized device detected again: 03f0:344a
Thu May  1 06:29:16 AM EDT 2025 [INFO] Already authorized device detected again: 03f0:344a
Thu May  1 06:29:16 AM EDT 2025 [INFO] Already authorized device detected again: 03f0:344a
Thu May  1 06:29:16 AM EDT 2025 [INFO] Already authorized device detected again: 03f0:344a
Thu May  1 06:33:00 AM EDT 2025 [ALERT] New HID device found - Thu May  1 06:32:59 AM EDT 2025 [JOURNALCTL] 2025-05-01T06:32:59-04:00 kali kernel: usb 2-2.3: Product: HP USB Slim Keyboard
Thu May  1 06:33:10 AM EDT 2025 [INFO] Keyboard successfully authorized: 03f0:344a
Thu May  1 06:33:10 AM EDT 2025 [INFO] Already authorized device detected again: 03f0:344a
Thu May  1 06:33:10 AM EDT 2025 [INFO] Already authorized device detected again: 03f0:344a
Thu May  1 06:33:10 AM EDT 2025 [INFO] Already authorized device detected again: 03f0:344a
Thu May  1 06:33:10 AM EDT 2025 [INFO] Already authorized device detected again: 03f0:344a
Thu May  1 06:33:10 AM EDT 2025 [INFO] Already authorized device detected again: 03f0:344a
Thu May  1 06:33:10 AM EDT 2025 [INFO] Already authorized device detected again: 03f0:344a
Thu May  1 06:33:10 AM EDT 2025 [INFO] Already authorized device detected again: 03f0:344a
Thu May  1 06:33:11 AM EDT 2025 [INFO] Already authorized device detected again: 03f0:344a
Thu May  1 06:33:11 AM EDT 2025 [INFO] Already authorized device detected again: 03f0:344a
Thu May  1 06:33:11 AM EDT 2025 [INFO] Already authorized device detected again: 03f0:344a
Thu May  1 06:33:11 AM EDT 2025 [INFO] Already authorized device detected again: 03f0:344a
Thu May  1 06:33:11 AM EDT 2025 [INFO] Already authorized device detected again: 03f0:344a
